<?xml version="1.0" encoding="UTF-8"?>
<Site BuildName="Linux-c++"
	BuildStamp="20240630-2329-Experimental"
	Name="dellgg"
	Generator="ctest-3.28.3"
	CompilerName="/usr/bin/c++"
	CompilerVersion="13.2.0"
	OSName="Linux"
	Hostname="dellgg"
	OSRelease="6.8.0-36-generic"
	OSVersion="#36-Ubuntu SMP PREEMPT_DYNAMIC Mon Jun 10 10:49:14 UTC 2024"
	OSPlatform="x86_64"
	Is64Bits="1"
	VendorString="AuthenticAMD"
	VendorID="Advanced Micro Devices"
	FamilyID="25"
	ModelID="80"
	ProcessorCacheSize="512"
	NumberOfLogicalCPU="16"
	NumberOfPhysicalCPU="8"
	TotalVirtualMemory="4095"
	TotalPhysicalMemory="15333"
	LogicalProcessorsPerPhysical="2"
	ProcessorClockFrequency="1396.48"
	>
	<Testing>
		<StartDateTime>Jul 01 08:29 JST</StartDateTime>
		<StartTestTime>1719790181</StartTestTime>
		<TestList/>
		<EndDateTime>Jul 01 08:29 JST</EndDateTime>
		<EndTestTime>1719790181</EndTestTime>
		<ElapsedMinutes>0</ElapsedMinutes>
	</Testing>
</Site>
